# JRE version: OpenJDK Runtime Environment (8.0_345-b01) (build 1.8.0_345-b01)
# Java VM: OpenJDK 64-Bit Server VM (25.345-b01 mixed mode windows-amd64 compressed oops)
Heap:
 PSYoungGen      total 272896K, used 62891K [0x000000076b180000, 0x000000077c680000, 0x00000007c0000000)
  eden space 262144K, 23% used [0x000000076b180000,0x000000076eeeafe8,0x000000077b180000)
  from space 10752K, 0% used [0x000000077bc00000,0x000000077bc00000,0x000000077c680000)
  to   space 10752K, 0% used [0x000000077b180000,0x000000077b180000,0x000000077bc00000)
 ParOldGen       total 129024K, used 19028K [0x00000006c1400000, 0x00000006c9200000, 0x000000076b180000)
  object space 129024K, 14% used [0x00000006c1400000,0x00000006c2695120,0x00000006c9200000)
 Metaspace       used 21772K, capacity 22162K, committed 22272K, reserved 1069056K
  class space    used 2722K, capacity 2815K, committed 2816K, reserved 1048576K
GC Heap History (10 events):
Event: 0.446 GC heap before
{Heap before GC invocations=1 (full 0):
 PSYoungGen      total 76288K, used 65536K [0x000000076b180000, 0x0000000770680000, 0x00000007c0000000)
  eden space 65536K, 100% used [0x000000076b180000,0x000000076f180000,0x000000076f180000)
  from space 10752K, 0% used [0x000000076fc00000,0x000000076fc00000,0x0000000770680000)
  to   space 10752K, 0% used [0x000000076f180000,0x000000076f180000,0x000000076fc00000)
 ParOldGen       total 175104K, used 0K [0x00000006c1400000, 0x00000006cbf00000, 0x000000076b180000)
  object space 175104K, 0% used [0x00000006c1400000,0x00000006c1400000,0x00000006cbf00000)
 Metaspace       used 8595K, capacity 8680K, committed 8832K, reserved 1056768K
  class space    used 1030K, capacity 1076K, committed 1152K, reserved 1048576K
Event: 0.452 GC heap after
Heap after GC invocations=1 (full 0):
 PSYoungGen      total 76288K, used 10740K [0x000000076b180000, 0x0000000774680000, 0x00000007c0000000)
  eden space 65536K, 0% used [0x000000076b180000,0x000000076b180000,0x000000076f180000)
  from space 10752K, 99% used [0x000000076f180000,0x000000076fbfd180,0x000000076fc00000)
  to   space 10752K, 0% used [0x0000000773c00000,0x0000000773c00000,0x0000000774680000)
 ParOldGen       total 175104K, used 7782K [0x00000006c1400000, 0x00000006cbf00000, 0x000000076b180000)
  object space 175104K, 4% used [0x00000006c1400000,0x00000006c1b99af8,0x00000006cbf00000)
 Metaspace       used 8595K, capacity 8680K, committed 8832K, reserved 1056768K
  class space    used 1030K, capacity 1076K, committed 1152K, reserved 1048576K
}
Event: 0.915 GC heap before
{Heap before GC invocations=2 (full 0):
 PSYoungGen      total 76288K, used 76276K [0x000000076b180000, 0x0000000774680000, 0x00000007c0000000)
  eden space 65536K, 100% used [0x000000076b180000,0x000000076f180000,0x000000076f180000)
  from space 10752K, 99% used [0x000000076f180000,0x000000076fbfd180,0x000000076fc00000)
  to   space 10752K, 0% used [0x0000000773c00000,0x0000000773c00000,0x0000000774680000)
 ParOldGen       total 175104K, used 7782K [0x00000006c1400000, 0x00000006cbf00000, 0x000000076b180000)
  object space 175104K, 4% used [0x00000006c1400000,0x00000006c1b99af8,0x00000006cbf00000)
 Metaspace       used 15647K, capacity 15818K, committed 16000K, reserved 1062912K
  class space    used 2036K, capacity 2079K, committed 2176K, reserved 1048576K
Event: 0.923 GC heap after
Heap after GC invocations=2 (full 0):
 PSYoungGen      total 141824K, used 10743K [0x000000076b180000, 0x0000000774680000, 0x00000007c0000000)
  eden space 131072K, 0% used [0x000000076b180000,0x000000076b180000,0x0000000773180000)
  from space 10752K, 99% used [0x0000000773c00000,0x000000077467dd40,0x0000000774680000)
  to   space 10752K, 0% used [0x0000000773180000,0x0000000773180000,0x0000000773c00000)
 ParOldGen       total 175104K, used 21055K [0x00000006c1400000, 0x00000006cbf00000, 0x000000076b180000)
  object space 175104K, 12% used [0x00000006c1400000,0x00000006c288ffa8,0x00000006cbf00000)
 Metaspace       used 15647K, capacity 15818K, committed 16000K, reserved 1062912K
  class space    used 2036K, capacity 2079K, committed 2176K, reserved 1048576K
}
Event: 1.772 GC heap before
{Heap before GC invocations=3 (full 0):
 PSYoungGen      total 141824K, used 141815K [0x000000076b180000, 0x0000000774680000, 0x00000007c0000000)
  eden space 131072K, 100% used [0x000000076b180000,0x0000000773180000,0x0000000773180000)
  from space 10752K, 99% used [0x0000000773c00000,0x000000077467dd40,0x0000000774680000)
  to   space 10752K, 0% used [0x0000000773180000,0x0000000773180000,0x0000000773c00000)
 ParOldGen       total 175104K, used 21055K [0x00000006c1400000, 0x00000006cbf00000, 0x000000076b180000)
  object space 175104K, 12% used [0x00000006c1400000,0x00000006c288ffa8,0x00000006cbf00000)
 Metaspace       used 20767K, capacity 21032K, committed 21120K, reserved 1067008K
  class space    used 2613K, capacity 2680K, committed 2688K, reserved 1048576K
Event: 1.780 GC heap after
Heap after GC invocations=3 (full 0):
 PSYoungGen      total 141824K, used 10745K [0x000000076b180000, 0x000000077c680000, 0x00000007c0000000)
  eden space 131072K, 0% used [0x000000076b180000,0x000000076b180000,0x0000000773180000)
  from space 10752K, 99% used [0x0000000773180000,0x0000000773bfe460,0x0000000773c00000)
  to   space 10752K, 0% used [0x000000077bc00000,0x000000077bc00000,0x000000077c680000)
 ParOldGen       total 175104K, used 28212K [0x00000006c1400000, 0x00000006cbf00000, 0x000000076b180000)
  object space 175104K, 16% used [0x00000006c1400000,0x00000006c2f8d060,0x00000006cbf00000)
 Metaspace       used 20767K, capacity 21032K, committed 21120K, reserved 1067008K
  class space    used 2613K, capacity 2680K, committed 2688K, reserved 1048576K
}
Event: 1.933 GC heap before
{Heap before GC invocations=4 (full 0):
 PSYoungGen      total 141824K, used 58413K [0x000000076b180000, 0x000000077c680000, 0x00000007c0000000)
  eden space 131072K, 36% used [0x000000076b180000,0x000000076e00cfb0,0x0000000773180000)
  from space 10752K, 99% used [0x0000000773180000,0x0000000773bfe460,0x0000000773c00000)
  to   space 10752K, 0% used [0x000000077bc00000,0x000000077bc00000,0x000000077c680000)
 ParOldGen       total 175104K, used 28212K [0x00000006c1400000, 0x00000006cbf00000, 0x000000076b180000)
  object space 175104K, 16% used [0x00000006c1400000,0x00000006c2f8d060,0x00000006cbf00000)
 Metaspace       used 20854K, capacity 21140K, committed 21248K, reserved 1067008K
  class space    used 2616K, capacity 2714K, committed 2816K, reserved 1048576K
Event: 1.939 GC heap after
Heap after GC invocations=4 (full 0):
 PSYoungGen      total 272896K, used 10440K [0x000000076b180000, 0x000000077c680000, 0x00000007c0000000)
  eden space 262144K, 0% used [0x000000076b180000,0x000000076b180000,0x000000077b180000)
  from space 10752K, 97% used [0x000000077bc00000,0x000000077c632150,0x000000077c680000)
  to   space 10752K, 0% used [0x000000077b180000,0x000000077b180000,0x000000077bc00000)
 ParOldGen       total 175104K, used 28212K [0x00000006c1400000, 0x00000006cbf00000, 0x000000076b180000)
  object space 175104K, 16% used [0x00000006c1400000,0x00000006c2f8d060,0x00000006cbf00000)
 Metaspace       used 20854K, capacity 21140K, committed 21248K, reserved 1067008K
  class space    used 2616K, capacity 2714K, committed 2816K, reserved 1048576K
}
Event: 1.939 GC heap before
{Heap before GC invocations=5 (full 1):
 PSYoungGen      total 272896K, used 10440K [0x000000076b180000, 0x000000077c680000, 0x00000007c0000000)
  eden space 262144K, 0% used [0x000000076b180000,0x000000076b180000,0x000000077b180000)
  from space 10752K, 97% used [0x000000077bc00000,0x000000077c632150,0x000000077c680000)
  to   space 10752K, 0% used [0x000000077b180000,0x000000077b180000,0x000000077bc00000)
 ParOldGen       total 175104K, used 28212K [0x00000006c1400000, 0x00000006cbf00000, 0x000000076b180000)
  object space 175104K, 16% used [0x00000006c1400000,0x00000006c2f8d060,0x00000006cbf00000)
 Metaspace       used 20854K, capacity 21140K, committed 21248K, reserved 1067008K
  class space    used 2616K, capacity 2714K, committed 2816K, reserved 1048576K
Event: 1.976 GC heap after
Heap after GC invocations=5 (full 1):
 PSYoungGen      total 272896K, used 0K [0x000000076b180000, 0x000000077c680000, 0x00000007c0000000)
  eden space 262144K, 0% used [0x000000076b180000,0x000000076b180000,0x000000077b180000)
  from space 10752K, 0% used [0x000000077bc00000,0x000000077bc00000,0x000000077c680000)
  to   space 10752K, 0% used [0x000000077b180000,0x000000077b180000,0x000000077bc00000)
 ParOldGen       total 129024K, used 19028K [0x00000006c1400000, 0x00000006c9200000, 0x000000076b180000)
  object space 129024K, 14% used [0x00000006c1400000,0x00000006c2695120,0x00000006c9200000)
 Metaspace       used 20854K, capacity 21140K, committed 21248K, reserved 1067008K
  class space    used 2616K, capacity 2714K, committed 2816K, reserved 1048576K
}

